[2020-10-01T02:15:51.045372+02:00] sdHeater.WARNING: 2020-10-01 02:15:50 [heater_daemon]: [INFO]: Starting heater <auto> at room temp of 21.8 and set temp of 23  [] []
[2020-10-01T02:21:31.691559+02:00] sdHeater.WARNING: 2020-10-01 02:21:31 [heater_daemon]: [INFO]: Starting heater <auto> at room temp of 21.8 and set temp of 23  [] []
[2020-10-01T02:34:21.744779+02:00] sdHeater.WARNING: 2020-10-01 02:34:21 [heater_daemon]: [INFO]: Starting heater <auto> at room temp of 21.8 and set temp of 23  [] []
[2020-10-01T02:59:29.327390+02:00] sdHeater.WARNING: 2020-10-01 02:59:28 [heater]: [INFO]: Starting heater at room temp of 21.8 and set temp of 23  [] []
[2020-10-01T03:58:36.908203+02:00] sdHeater.ERROR: Unable to read heater.ini in path: /var/www/html/sh//var/www/html/sh/public/inc/heater.ini  [] []
[2020-10-01T22:55:36.067968+02:00] sdHeater.ERROR: No upcoming events found in Google_Service_Calendar with colorId: 11  [] []
[2020-10-01T22:55:52.963434+02:00] sdHeater.ERROR: No upcoming events found in Google_Service_Calendar with colorId: 11  [] []
[2020-10-01T22:57:02.145566+02:00] sdHeater.ERROR: No upcoming events found in Google_Service_Calendar with colorId: 11  [] []
[2020-10-01T22:59:44.866755+02:00] sdHeater.ERROR: No upcoming events found in Google_Service_Calendar with colorId: 11  [] []
[2020-10-01T23:01:42.550802+02:00] sdHeater.ERROR: No upcoming events found in Google_Service_Calendar with colorId: 11  [] []
[2020-10-01T23:59:12.239710+02:00] sdHeater.ERROR: No upcoming events found in Google_Service_Calendar with colorId: 11  [] []
[2020-10-01T23:59:15.627592+02:00] sdHeater.ERROR: No upcoming events found in Google_Service_Calendar with colorId: 11  [] []
[2020-10-02T00:04:49.170885+02:00] sdHeater.ERROR: No upcoming events found in Google_Service_Calendar with colorId: 11  [] []
[2020-10-02T01:38:57.091606+02:00] sdHeater.ERROR: Starting heater at room temp of 20.8 and set temp of 23  [] []
[2020-10-02T01:39:29.308444+02:00] sdHeater.INFO: Starting heater at room temp of 20.8 and set temp of 23  [] []
[2020-10-02T01:43:14.065435+02:00] sdHeater.INFO: Starting heater at room temp of 20.7 and set temp of 23  [] []
[2020-10-02T01:44:19.506069+02:00] sdHeater.ERROR: Starting heater at room temp of 20.7 and set temp of 23  [] []
[2020-10-02T01:46:52.537796+02:00] sdHeater.INFO: Starting heater at room temp of 20.7 and set temp of 23  [] []
[2020-10-02T03:06:56.459888+02:00] sdHeater.INFO: Stopping heater at room temp of 22.1 and set temp of 15  [] []
[2020-10-02T10:07:20.577450+02:00] sdHeater.INFO: Starting heater at room temp of 20.1 and set temp of 21  [] []
[2020-10-02T11:07:23.878719+02:00] sdHeater.INFO: Stopping heater at room temp of 21.2 and set temp of 21  [] []
[2020-10-02T14:27:44.031961+02:00] sdHeater.INFO: Starting heater at room temp of 20.9 and set temp of 21  [] []
[2020-10-02T14:47:44.974127+02:00] sdHeater.INFO: Stopping heater at room temp of 21.4 and set temp of 21  [] []
[2020-10-02T20:18:07.202126+02:00] sdHeater.INFO: Starting heater at room temp of 21 and set temp of 21  [] []
[2020-10-02T20:28:07.690961+02:00] sdHeater.INFO: Stopping heater at room temp of 21.1 and set temp of 21  [] []
[2020-10-02T23:28:17.009509+02:00] sdHeater.INFO: Starting heater at room temp of 21 and set temp of 21  [] []
[2020-10-02T23:38:17.478858+02:00] sdHeater.INFO: Stopping heater at room temp of 21.1 and set temp of 21  [] []
[2020-10-03T10:09:08.541239+02:00] sdHeater.ERROR: No upcoming events found in Google_Service_Calendar with colorId: 11  [] []
[2020-10-03T12:05:24.535543+02:00] sdHeater.ERROR: No upcoming events found in Google_Service_Calendar with colorId: 11  [] []
[2020-10-03T12:06:21.693090+02:00] sdHeater.ERROR: No upcoming events found in Google_Service_Calendar with colorId: 11  [] []
[2020-10-03T12:06:48.586997+02:00] sdHeater.ERROR: No upcoming events found in Google_Service_Calendar with colorId: 11  [] []
[2020-10-03T12:07:25.804686+02:00] sdHeater.ERROR: No upcoming events found in Google_Service_Calendar with colorId: 11  [] []
[2020-10-03T12:13:24.386425+02:00] sdHeater.ERROR: No upcoming events found in Google_Service_Calendar with colorId: 11  [] []
[2020-10-03T12:13:57.361053+02:00] sdHeater.ERROR: No upcoming events found in Google_Service_Calendar with colorId: 11  [] []
[2020-10-03T12:14:18.136458+02:00] sdHeater.ERROR: No upcoming events found in Google_Service_Calendar with colorId: 11  [] []
[2020-10-03T12:15:20.229009+02:00] sdHeater.ERROR: No upcoming events found in Google_Service_Calendar with colorId: 11  [] []
[2020-10-03T12:16:49.854970+02:00] sdHeater.ERROR: No upcoming events found in Google_Service_Calendar with colorId: 11  [] []
[2020-10-03T13:01:59.253376+02:00] sdHeater.INFO: Starting heater at room temp of 21.3 and set temp of 22  [] []
[2020-10-03T13:15:47.951001+02:00] sdHeater.INFO: Starting heater at room temp of 21.5 and set temp of 22  [] []
[2020-10-03T13:16:47.666271+02:00] sdHeater.INFO: Starting heater at room temp of 21.6 and set temp of 22  [] []
[2020-10-03T13:20:08.079382+02:00] sdHeater.INFO: Starting heater at room temp of 21.7 and set temp of 22  [] []
[2020-10-03T13:21:52.265211+02:00] sdHeater.ERROR: Connect Error ( 2002 ) php_network_getaddresses: getaddrinfo failed: Name or service not known  [] []
[2020-10-03T13:22:40.621482+02:00] sdHeater.INFO: Starting heater at room temp of 21.7 and set temp of 22  [] []
[2020-10-03T13:26:05.821482+02:00] sdHeater.INFO: Starting heater at room temp of 21.8 and set temp of 22  [] []
[2020-10-03T13:46:06.763414+02:00] sdHeater.INFO: Stopping heater at room temp of 22.4 and set temp of 22  [] []
[2020-10-03T21:56:49.565396+02:00] sdHeater.INFO: Starting heater at room temp of 21 and set temp of 21  [] []
[2020-10-03T22:06:50.127988+02:00] sdHeater.INFO: Stopping heater at room temp of 21.1 and set temp of 21  [] []
[2020-10-04T01:21:58.214986+02:00] sdHeater.ERROR: Timestamp from last MySQL entry is older than 10 min: 2020-10-04 01:21:03 [] []
[2020-10-04T10:03:04.452883+02:00] sdHeater.INFO: Starting heater at room temp of 20.1 and set temp of 21  [] []
[2020-10-04T10:43:06.793462+02:00] sdHeater.INFO: Stopping heater at room temp of 21.3 and set temp of 21  [] []
[2020-10-04T21:41:23.024647+02:00] sdHeater.INFO: Starting heater at room temp of 19.9 and set temp of 21  [] []
[2020-10-04T22:21:25.442476+02:00] sdHeater.INFO: Stopping heater at room temp of 21.2 and set temp of 21  [] []
[2020-10-05T07:01:53.740359+02:00] sdHeater.INFO: Starting heater at room temp of 20 and set temp of 21  [] []
[2020-10-05T08:02:02.065561+02:00] sdHeater.INFO: Stopping heater at room temp of 21.2 and set temp of 15  [] []
[2020-10-05T14:02:44.064554+02:00] sdHeater.INFO: Starting heater at room temp of 20.3 and set temp of 21  [] []
[2020-10-05T14:32:45.745823+02:00] sdHeater.INFO: Stopping heater at room temp of 21.2 and set temp of 21  [] []
[2020-10-05T16:52:54.219190+02:00] sdHeater.INFO: Starting heater at room temp of 21 and set temp of 21  [] []
[2020-10-05T17:02:54.897582+02:00] sdHeater.INFO: Stopping heater at room temp of 21.1 and set temp of 21  [] []
[2020-10-05T19:23:03.674746+02:00] sdHeater.INFO: Starting heater at room temp of 21 and set temp of 21  [] []
[2020-10-05T19:33:04.268680+02:00] sdHeater.INFO: Stopping heater at room temp of 21.1 and set temp of 21  [] []
[2020-10-05T22:13:14.843857+02:00] sdHeater.INFO: Starting heater at room temp of 21 and set temp of 21  [] []
[2020-10-05T22:23:15.417909+02:00] sdHeater.INFO: Stopping heater at room temp of 21.1 and set temp of 21  [] []
[2020-10-06T07:04:12.473484+02:00] sdHeater.INFO: Starting heater at room temp of 20.4 and set temp of 21  [] []
[2020-10-06T07:34:14.795623+02:00] sdHeater.INFO: Stopping heater at room temp of 21.3 and set temp of 21  [] []
[2020-10-06T14:04:50.853347+02:00] sdHeater.INFO: Starting heater at room temp of 20.5 and set temp of 21  [] []
[2020-10-06T14:24:57.700867+02:00] sdHeater.INFO: Stopping heater at room temp of 21.1 and set temp of 21  [] []
[2020-10-06T18:55:23.692930+02:00] sdHeater.INFO: Starting heater at room temp of 21 and set temp of 21  [] []
[2020-10-06T19:05:24.549153+02:00] sdHeater.INFO: Stopping heater at room temp of 21.1 and set temp of 21  [] []
[2020-10-06T23:05:53.394104+02:00] sdHeater.INFO: Starting heater at room temp of 21 and set temp of 21  [] []
[2020-10-06T23:15:54.155463+02:00] sdHeater.INFO: Stopping heater at room temp of 21.1 and set temp of 21  [] []
[2020-10-07T07:06:35.038011+02:00] sdHeater.INFO: Starting heater at room temp of 20.7 and set temp of 21  [] []
[2020-10-07T07:26:36.744375+02:00] sdHeater.INFO: Stopping heater at room temp of 21.1 and set temp of 21  [] []
[2020-10-07T14:07:18.275694+02:00] sdHeater.INFO: Starting heater at room temp of 21 and set temp of 21  [] []
[2020-10-07T14:27:20.004456+02:00] sdHeater.INFO: Stopping heater at room temp of 21.3 and set temp of 21  [] []
[2020-10-07T17:47:44.709994+02:00] sdHeater.INFO: Starting heater at room temp of 19.7 and set temp of 21  [] []
[2020-10-07T18:17:47.438178+02:00] sdHeater.INFO: Stopping heater at room temp of 21.6 and set temp of 21  [] []
[2020-10-07T22:08:23.075461+02:00] sdHeater.INFO: Starting heater at room temp of 21 and set temp of 21  [] []
[2020-10-07T22:18:24.047708+02:00] sdHeater.INFO: Stopping heater at room temp of 21.1 and set temp of 21  [] []
[2020-10-08T07:09:22.649440+02:00] sdHeater.INFO: Starting heater at room temp of 20.3 and set temp of 21  [] []
[2020-10-08T07:39:30.435606+02:00] sdHeater.INFO: Stopping heater at room temp of 21.2 and set temp of 21  [] []
[2020-10-08T14:00:17.439805+02:00] sdHeater.INFO: Starting heater at room temp of 20.5 and set temp of 21  [] []
[2020-10-08T14:30:20.970473+02:00] sdHeater.INFO: Stopping heater at room temp of 21.3 and set temp of 21  [] []
[2020-10-08T17:10:42.433921+02:00] sdHeater.INFO: Starting heater at room temp of 21 and set temp of 21  [] []
[2020-10-08T17:20:43.361258+02:00] sdHeater.INFO: Stopping heater at room temp of 21.1 and set temp of 21  [] []
[2020-10-08T21:01:14.742746+02:00] sdHeater.INFO: Starting heater at room temp of 21 and set temp of 21  [] []
[2020-10-08T21:11:15.742777+02:00] sdHeater.INFO: Stopping heater at room temp of 21.1 and set temp of 21  [] []
[2020-10-09T07:02:19.431573+02:00] sdHeater.INFO: Starting heater at room temp of 20.5 and set temp of 21  [] []
[2020-10-09T07:32:22.293882+02:00] sdHeater.INFO: Stopping heater at room temp of 21.3 and set temp of 21  [] []
[2020-10-09T14:03:03.775118+02:00] sdHeater.INFO: Starting heater at room temp of 20.7 and set temp of 21  [] []
[2020-10-09T14:23:05.743486+02:00] sdHeater.INFO: Stopping heater at room temp of 21.2 and set temp of 21  [] []
[2020-10-09T19:03:42.675543+02:00] sdHeater.INFO: Starting heater at room temp of 21 and set temp of 21  [] []
[2020-10-09T19:23:44.870907+02:00] sdHeater.INFO: Stopping heater at room temp of 21.4 and set temp of 21  [] []
[2020-10-09T23:14:11.082005+02:00] sdHeater.INFO: Starting heater at room temp of 21 and set temp of 21  [] []
[2020-10-09T23:24:12.039051+02:00] sdHeater.INFO: Stopping heater at room temp of 21.1 and set temp of 21  [] []
[2020-10-10T10:05:18.563618+02:00] sdHeater.INFO: Starting heater at room temp of 20.1 and set temp of 21  [] []
[2020-10-10T10:45:22.074432+02:00] sdHeater.INFO: Stopping heater at room temp of 21.2 and set temp of 21  [] []
[2020-10-10T11:55:33.259899+02:00] sdHeater.INFO: Starting heater at room temp of 21 and set temp of 21  [] []
[2020-10-10T12:15:35.005949+02:00] sdHeater.INFO: Stopping heater at room temp of 21.3 and set temp of 21  [] []
[2020-10-10T14:35:47.826376+02:00] sdHeater.INFO: Starting heater at room temp of 21 and set temp of 21  [] []
[2020-10-10T15:25:52.241902+02:00] sdHeater.INFO: Stopping heater at room temp of 21.5 and set temp of 21  [] []
[2020-10-10T18:06:08.468074+02:00] sdHeater.INFO: Starting heater at room temp of 20.2 and set temp of 21  [] []
[2020-10-10T18:26:10.249149+02:00] sdHeater.INFO: Stopping heater at room temp of 21.2 and set temp of 21  [] []
[2020-10-10T18:36:11.137486+02:00] sdHeater.INFO: Starting heater at room temp of 19.6 and set temp of 21  [] []
[2020-10-10T18:56:13.093679+02:00] sdHeater.INFO: Stopping heater at room temp of 21.3 and set temp of 21  [] []
[2020-10-10T22:06:31.086002+02:00] sdHeater.INFO: Starting heater at room temp of 21 and set temp of 21  [] []
[2020-10-10T22:26:33.121521+02:00] sdHeater.INFO: Stopping heater at room temp of 21.3 and set temp of 21  [] []
[2020-10-11T10:07:39.514438+02:00] sdHeater.INFO: Starting heater at room temp of 19.9 and set temp of 21  [] []
[2020-10-11T11:07:44.477216+02:00] sdHeater.INFO: Stopping heater at room temp of 21.3 and set temp of 21  [] []
[2020-10-11T12:07:50.028097+02:00] sdHeater.INFO: Starting heater at room temp of 21 and set temp of 21  [] []
[2020-10-11T12:27:56.990929+02:00] sdHeater.INFO: Stopping heater at room temp of 21.2 and set temp of 21  [] []
[2020-10-11T14:08:08.842234+02:00] sdHeater.INFO: Starting heater at room temp of 21 and set temp of 21  [] []
[2020-10-11T14:28:10.552479+02:00] sdHeater.INFO: Stopping heater at room temp of 21.3 and set temp of 21  [] []
[2020-10-11T16:18:20.550063+02:00] sdHeater.INFO: Starting heater at room temp of 20.8 and set temp of 21  [] []
[2020-10-11T16:58:24.836471+02:00] sdHeater.INFO: Stopping heater at room temp of 21.1 and set temp of 21  [] []
[2020-10-11T18:18:37.615082+02:00] sdHeater.INFO: Starting heater at room temp of 20.9 and set temp of 21  [] []
[2020-10-11T18:38:39.515974+02:00] sdHeater.INFO: Stopping heater at room temp of 21.3 and set temp of 21  [] []
[2020-10-11T19:38:45.283007+02:00] sdHeater.INFO: Starting heater at room temp of 21 and set temp of 21  [] []
[2020-10-11T19:48:46.268117+02:00] sdHeater.INFO: Stopping heater at room temp of 21.1 and set temp of 21  [] []
[2020-10-11T20:58:57.890304+02:00] sdHeater.INFO: Starting heater at room temp of 20.9 and set temp of 21  [] []
[2020-10-11T21:08:58.753115+02:00] sdHeater.INFO: Stopping heater at room temp of 21.1 and set temp of 21  [] []
[2020-10-12T06:59:47.928110+02:00] sdHeater.ERROR: Timestamp from last MySQL entry is older than 10 min: 2020-10-12 06:47:33 [] []
[2020-10-12T08:48:58.238077+02:00] sdHeater.ERROR: Timestamp from last MySQL entry is older than 10 min: 2020-10-12 06:47:33 [] []
[2020-10-12T08:51:27.828360+02:00] sdHeater.ERROR: Timestamp from last MySQL entry is older than 10 min:  [] []
[2020-10-12T08:53:53.106511+02:00] sdHeater.ERROR: Unable to read manual heater value in heater.ini!  [] []
[2020-10-12T09:06:54.995031+02:00] sdHeater.INFO: Stopping heater at room temp of 21.5 and set temp of 15  [] []
[2020-10-12T14:07:21.360314+02:00] sdHeater.INFO: Starting heater at room temp of 20.3 and set temp of 21  [] []
[2020-10-12T14:37:23.858706+02:00] sdHeater.INFO: Stopping heater at room temp of 21.1 and set temp of 21  [] []
[2020-10-12T15:57:32.231698+02:00] sdHeater.INFO: Starting heater at room temp of 21 and set temp of 21  [] []
[2020-10-12T16:07:33.077587+02:00] sdHeater.INFO: Stopping heater at room temp of 21.1 and set temp of 21  [] []
[2020-10-12T18:57:48.123736+02:00] sdHeater.INFO: Starting heater at room temp of 21 and set temp of 21  [] []
[2020-10-12T19:17:49.671298+02:00] sdHeater.INFO: Stopping heater at room temp of 21.2 and set temp of 21  [] []
[2020-10-12T21:28:02.645949+02:00] sdHeater.INFO: Starting heater at room temp of 21 and set temp of 21  [] []
[2020-10-12T21:48:09.553164+02:00] sdHeater.INFO: Stopping heater at room temp of 21.5 and set temp of 21  [] []
[2020-10-13T07:09:17.111714+02:00] sdHeater.INFO: Starting heater at room temp of 19.5 and set temp of 21  [] []
[2020-10-13T08:09:22.162636+02:00] sdHeater.INFO: Stopping heater at room temp of 20.9 and set temp of 15  [] []
[2020-10-13T10:19:30.309278+02:00] sdHeater.INFO: Stopping heater at room temp of 21.2 and set temp of 21  [] []
[2020-10-13T12:29:30.359162+02:00] sdHeater.INFO: Starting heater at room temp of 21 and set temp of 21  [] []
[2020-10-13T12:39:30.364688+02:00] sdHeater.INFO: Stopping heater at room temp of 21.1 and set temp of 21  [] []
[2020-10-13T14:59:31.481062+02:00] sdHeater.INFO: Starting heater at room temp of 21 and set temp of 21  [] []
[2020-10-13T15:09:32.385315+02:00] sdHeater.INFO: Stopping heater at room temp of 21.1 and set temp of 21  [] []
[2020-10-13T17:19:44.770829+02:00] sdHeater.INFO: Starting heater at room temp of 21 and set temp of 21  [] []
[2020-10-13T17:29:45.792344+02:00] sdHeater.INFO: Stopping heater at room temp of 21.2 and set temp of 21  [] []
[2020-10-13T20:30:07.509015+02:00] sdHeater.INFO: Starting heater at room temp of 21 and set temp of 21  [] []
[2020-10-13T20:50:09.207747+02:00] sdHeater.INFO: Stopping heater at room temp of 21.4 and set temp of 21  [] []
[2020-10-14T07:01:20.393394+02:00] sdHeater.INFO: Starting heater at room temp of 19.7 and set temp of 21  [] []
[2020-10-14T08:01:31.030513+02:00] sdHeater.INFO: Stopping heater at room temp of 21.2 and set temp of 21  [] []
[2020-10-14T09:21:37.926433+02:00] sdHeater.INFO: Starting heater at room temp of 21 and set temp of 21  [] []
[2020-10-14T09:41:39.625994+02:00] sdHeater.INFO: Stopping heater at room temp of 21.2 and set temp of 21  [] []
[2020-10-14T11:21:49.686197+02:00] sdHeater.INFO: Starting heater at room temp of 21 and set temp of 21  [] []
[2020-10-14T11:41:51.338180+02:00] sdHeater.INFO: Stopping heater at room temp of 21.2 and set temp of 21  [] []
[2020-10-14T13:52:03.934843+02:00] sdHeater.INFO: Starting heater at room temp of 21 and set temp of 21  [] []
[2020-10-14T14:02:04.818647+02:00] sdHeater.INFO: Stopping heater at room temp of 21 and set temp of 15  [] []
[2020-10-14T20:02:55.940814+02:00] sdHeater.INFO: Starting heater at room temp of 19.9 and set temp of 21  [] []
[2020-10-14T20:42:59.467414+02:00] sdHeater.INFO: Stopping heater at room temp of 21.3 and set temp of 21  [] []
[2020-10-14T20:53:00.329333+02:00] sdHeater.INFO: Starting heater at room temp of 20.1 and set temp of 21  [] []
[2020-10-14T21:33:04.584509+02:00] sdHeater.INFO: Stopping heater at room temp of 21.2 and set temp of 21  [] []
[2020-10-14T22:43:11.412129+02:00] sdHeater.INFO: Starting heater at room temp of 21 and set temp of 21  [] []
[2020-10-14T23:03:13.355551+02:00] sdHeater.INFO: Stopping heater at room temp of 21.2 and set temp of 21  [] []
[2020-10-15T07:03:56.079937+02:00] sdHeater.INFO: Starting heater at room temp of 19.5 and set temp of 21  [] []
[2020-10-15T08:04:01.831996+02:00] sdHeater.INFO: Stopping heater at room temp of 21 and set temp of 15  [] []
[2020-10-15T08:24:02.654613+02:00] sdHeater.INFO: Stopping heater at room temp of 21.2 and set temp of 21  [] []
[2020-10-15T09:24:02.678645+02:00] sdHeater.INFO: Starting heater at room temp of 21 and set temp of 21  [] []
[2020-10-15T09:54:02.691056+02:00] sdHeater.INFO: Stopping heater at room temp of 21.4 and set temp of 21  [] []
[2020-10-15T11:14:02.722063+02:00] sdHeater.INFO: Starting heater at room temp of 21 and set temp of 21  [] []
[2020-10-15T11:34:02.731424+02:00] sdHeater.INFO: Stopping heater at room temp of 21.2 and set temp of 21  [] []
[2020-10-15T12:54:02.762844+02:00] sdHeater.INFO: Starting heater at room temp of 21 and set temp of 21  [] []
[2020-10-15T13:14:02.771970+02:00] sdHeater.INFO: Stopping heater at room temp of 21.3 and set temp of 21  [] []
[2020-10-15T15:04:02.814710+02:00] sdHeater.INFO: Starting heater at room temp of 21 and set temp of 21  [] []
[2020-10-15T15:24:02.823932+02:00] sdHeater.INFO: Stopping heater at room temp of 21.3 and set temp of 21  [] []
[2020-10-15T17:54:02.881074+02:00] sdHeater.INFO: Starting heater at room temp of 21 and set temp of 21  [] []
[2020-10-15T18:14:04.509217+02:00] sdHeater.INFO: Stopping heater at room temp of 21.3 and set temp of 21  [] []
[2020-10-15T20:24:22.245263+02:00] sdHeater.INFO: Starting heater at room temp of 21 and set temp of 21  [] []
[2020-10-15T20:44:24.131915+02:00] sdHeater.INFO: Stopping heater at room temp of 21.2 and set temp of 21  [] []
[2020-10-15T23:14:38.726517+02:00] sdHeater.INFO: Starting heater at room temp of 21 and set temp of 21  [] []
[2020-10-15T23:34:40.786186+02:00] sdHeater.INFO: Stopping heater at room temp of 21.2 and set temp of 21  [] []
[2020-10-16T07:05:22.999561+02:00] sdHeater.INFO: Starting heater at room temp of 19.9 and set temp of 21  [] []
[2020-10-16T07:55:31.875161+02:00] sdHeater.INFO: Stopping heater at room temp of 21.2 and set temp of 21  [] []
[2020-10-16T10:35:42.836137+02:00] sdHeater.INFO: Stopping heater at room temp of 21.3 and set temp of 21  [] []
[2020-10-16T11:45:42.863427+02:00] sdHeater.INFO: Starting heater at room temp of 21 and set temp of 21  [] []
[2020-10-16T12:05:42.872489+02:00] sdHeater.INFO: Stopping heater at room temp of 21.3 and set temp of 21  [] []
[2020-10-16T13:15:43.824270+02:00] sdHeater.ERROR: Timestamp from last MySQL entry is older than 10 min: 2020-10-16 12:56:21 [] []
[2020-10-16T23:57:28.062920+02:00] sdHeater.ERROR: Timestamp from last MySQL entry is older than 10 min: 2020-10-16 12:56:21 [] []
[2020-10-16T23:58:49.223941+02:00] sdHeater.INFO: Starting heater at room temp of  and set temp of 21  [] []
[2020-10-17T00:08:50.043395+02:00] sdHeater.INFO: Stopping heater at room temp of 19.3 and set temp of 15  [] []
[2020-10-17T10:39:40.751782+02:00] sdHeater.INFO: Stopping heater at room temp of 21.1 and set temp of 21  [] []
[2020-10-17T11:09:40.764678+02:00] sdHeater.INFO: Starting heater at room temp of 21 and set temp of 21  [] []
[2020-10-17T11:19:40.775142+02:00] sdHeater.INFO: Stopping heater at room temp of 21.1 and set temp of 21  [] []
[2020-10-17T11:59:40.791954+02:00] sdHeater.INFO: Starting heater at room temp of 21 and set temp of 21  [] []
[2020-10-17T12:19:40.801122+02:00] sdHeater.INFO: Stopping heater at room temp of 21.2 and set temp of 21  [] []
[2020-10-17T13:19:40.824464+02:00] sdHeater.INFO: Starting heater at room temp of 21 and set temp of 21  [] []
[2020-10-17T13:39:40.833633+02:00] sdHeater.INFO: Stopping heater at room temp of 21.2 and set temp of 21  [] []
[2020-10-17T14:49:40.861071+02:00] sdHeater.INFO: Starting heater at room temp of 21 and set temp of 21  [] []
[2020-10-17T15:09:40.870056+02:00] sdHeater.INFO: Stopping heater at room temp of 21.2 and set temp of 21  [] []
[2020-10-17T16:19:40.898024+02:00] sdHeater.INFO: Starting heater at room temp of 21 and set temp of 21  [] []
[2020-10-17T16:39:40.906827+02:00] sdHeater.INFO: Stopping heater at room temp of 21.3 and set temp of 21  [] []
[2020-10-17T18:49:40.955545+02:00] sdHeater.INFO: Starting heater at room temp of 21 and set temp of 21  [] []
[2020-10-17T19:09:40.964664+02:00] sdHeater.INFO: Stopping heater at room temp of 21.2 and set temp of 21  [] []
[2020-10-17T20:39:41.000208+02:00] sdHeater.INFO: Starting heater at room temp of 21 and set temp of 21  [] []
[2020-10-17T20:59:41.009350+02:00] sdHeater.INFO: Stopping heater at room temp of 21.2 and set temp of 21  [] []
[2020-10-17T22:19:41.040426+02:00] sdHeater.INFO: Starting heater at room temp of 21 and set temp of 21  [] []
[2020-10-17T22:39:41.049835+02:00] sdHeater.INFO: Stopping heater at room temp of 21.2 and set temp of 21  [] []
[2020-10-18T00:19:41.088331+02:00] sdHeater.INFO: Starting heater at room temp of 21 and set temp of 21  [] []
[2020-10-18T00:39:41.097427+02:00] sdHeater.INFO: Stopping heater at room temp of 21.2 and set temp of 21  [] []
[2020-10-18T01:59:41.128861+02:00] sdHeater.INFO: Starting heater at room temp of 21 and set temp of 21  [] []
[2020-10-18T02:19:41.137969+02:00] sdHeater.INFO: Stopping heater at room temp of 21.2 and set temp of 21  [] []
[2020-10-18T03:49:41.172998+02:00] sdHeater.INFO: Starting heater at room temp of 21 and set temp of 21  [] []
[2020-10-18T04:09:41.182219+02:00] sdHeater.INFO: Stopping heater at room temp of 21.2 and set temp of 21  [] []
[2020-10-18T05:39:41.215813+02:00] sdHeater.INFO: Starting heater at room temp of 21 and set temp of 21  [] []
[2020-10-18T05:59:41.224949+02:00] sdHeater.INFO: Stopping heater at room temp of 21.2 and set temp of 21  [] []
[2020-10-18T07:19:41.255891+02:00] sdHeater.INFO: Starting heater at room temp of 21 and set temp of 21  [] []
[2020-10-18T07:39:41.265143+02:00] sdHeater.INFO: Stopping heater at room temp of 21.2 and set temp of 21  [] []
[2020-10-18T08:19:41.281593+02:00] sdHeater.INFO: Stopping heater at room temp of 21.4 and set temp of 21  [] []
[2020-10-18T09:59:41.320763+02:00] sdHeater.INFO: Starting heater at room temp of 21 and set temp of 21  [] []
[2020-10-18T10:19:41.329797+02:00] sdHeater.INFO: Stopping heater at room temp of 21.2 and set temp of 21  [] []
[2020-10-18T11:49:41.364850+02:00] sdHeater.INFO: Starting heater at room temp of 21 and set temp of 21  [] []
[2020-10-18T12:09:41.374130+02:00] sdHeater.INFO: Stopping heater at room temp of 21.3 and set temp of 21  [] []
[2020-10-18T14:29:41.427666+02:00] sdHeater.INFO: Starting heater at room temp of 20 and set temp of 21  [] []
[2020-10-18T14:59:41.440742+02:00] sdHeater.INFO: Stopping heater at room temp of 21.5 and set temp of 21  [] []
[2020-10-18T17:39:41.502335+02:00] sdHeater.INFO: Starting heater at room temp of 21 and set temp of 21  [] []
[2020-10-18T17:59:41.511337+02:00] sdHeater.INFO: Stopping heater at room temp of 21.2 and set temp of 21  [] []
[2020-10-18T19:49:41.553456+02:00] sdHeater.INFO: Starting heater at room temp of 21 and set temp of 21  [] []
[2020-10-18T20:09:41.562663+02:00] sdHeater.INFO: Stopping heater at room temp of 21.4 and set temp of 21  [] []
[2020-10-18T21:59:41.604900+02:00] sdHeater.INFO: Starting heater at room temp of 21 and set temp of 21  [] []
[2020-10-18T22:19:41.613871+02:00] sdHeater.INFO: Stopping heater at room temp of 21.3 and set temp of 21  [] []
[2020-10-19T07:00:22.398983+02:00] sdHeater.INFO: Starting heater at room temp of 19.7 and set temp of 21  [] []
[2020-10-19T08:00:27.461349+02:00] sdHeater.INFO: Stopping heater at room temp of 21.2 and set temp of 15  [] []
[2020-10-19T11:00:41.047200+02:00] sdHeater.INFO: Stopping heater at room temp of 21.3 and set temp of 21  [] []
[2020-10-19T13:20:41.099486+02:00] sdHeater.INFO: Starting heater at room temp of 21 and set temp of 21  [] []
[2020-10-19T13:30:41.105120+02:00] sdHeater.INFO: Stopping heater at room temp of 21.1 and set temp of 21  [] []
[2020-10-19T16:00:41.161996+02:00] sdHeater.INFO: Starting heater at room temp of 21 and set temp of 21  [] []
[2020-10-19T16:20:41.171332+02:00] sdHeater.INFO: Stopping heater at room temp of 21.3 and set temp of 21  [] []
[2020-10-19T19:00:41.233217+02:00] sdHeater.INFO: Starting heater at room temp of 21 and set temp of 21  [] []
[2020-10-19T19:20:41.242566+02:00] sdHeater.INFO: Stopping heater at room temp of 21.3 and set temp of 21  [] []
[2020-10-19T21:10:41.285401+02:00] sdHeater.INFO: Starting heater at room temp of 20.7 and set temp of 21  [] []
[2020-10-19T21:40:46.451338+02:00] sdHeater.INFO: Stopping heater at room temp of 21.2 and set temp of 21  [] []
[2020-10-20T01:11:28.034154+02:00] sdHeater.ERROR: Timestamp from last MySQL entry is older than 10 min: 2020-10-20 01:00:20 [] []
[2020-10-20T13:27:06.481328+02:00] sdHeater.INFO: Starting heater at room temp of 20.9 and set temp of 21  [] []
[2020-10-20T13:47:06.495473+02:00] sdHeater.INFO: Stopping heater at room temp of 21.3 and set temp of 20  [] []
[2020-10-20T16:27:06.552904+02:00] sdHeater.INFO: Starting heater at room temp of 21 and set temp of 21  [] []
[2020-10-20T16:37:06.557829+02:00] sdHeater.INFO: Stopping heater at room temp of 21.1 and set temp of 21  [] []
[2020-10-20T18:57:11.466363+02:00] sdHeater.INFO: Starting heater at room temp of 21 and set temp of 21  [] []
[2020-10-20T19:17:13.350738+02:00] sdHeater.INFO: Stopping heater at room temp of 21.4 and set temp of 21  [] []
[2020-10-20T22:47:50.269426+02:00] sdHeater.INFO: Starting heater at room temp of 21 and set temp of 21  [] []
[2020-10-20T22:57:51.080634+02:00] sdHeater.INFO: Stopping heater at room temp of 21.1 and set temp of 21  [] []
[2020-10-21T07:08:55.097632+02:00] sdHeater.INFO: Starting heater at room temp of 20.1 and set temp of 21  [] []
[2020-10-21T07:48:58.554842+02:00] sdHeater.INFO: Stopping heater at room temp of 21.2 and set temp of 21  [] []
[2020-10-21T09:09:06.070457+02:00] sdHeater.INFO: Starting heater at room temp of 21 and set temp of 21  [] []
[2020-10-21T09:19:07.262018+02:00] sdHeater.INFO: Stopping heater at room temp of 21.1 and set temp of 21  [] []
[2020-10-21T12:19:23.234825+02:00] sdHeater.INFO: Starting heater at room temp of 21 and set temp of 21  [] []
[2020-10-21T12:39:31.266661+02:00] sdHeater.INFO: Stopping heater at room temp of 21.4 and set temp of 21  [] []
[2020-10-21T20:01:42.714794+02:00] sdHeater.INFO: Starting heater at room temp of 20.9 and set temp of 21  [] []
[2020-10-21T20:21:54.826666+02:00] sdHeater.INFO: Stopping heater at room temp of 21.3 and set temp of 21  [] []
[2020-10-22T07:04:04.551306+02:00] sdHeater.INFO: Starting heater at room temp of 20.7 and set temp of 21  [] []
[2020-10-22T07:24:06.552875+02:00] sdHeater.INFO: Stopping heater at room temp of 21.1 and set temp of 21  [] []
[2020-10-22T12:54:47.705559+02:00] sdHeater.INFO: Stopping heater at room temp of 21.3 and set temp of 21  [] []
[2020-10-22T22:04:47.912067+02:00] sdHeater.INFO: Starting heater at room temp of 21 and set temp of 21  [] []
[2020-10-22T22:14:47.917393+02:00] sdHeater.INFO: Stopping heater at room temp of 21.1 and set temp of 21  [] []
[2020-10-23T04:54:48.064239+02:00] sdHeater.INFO: Starting heater at room temp of 21 and set temp of 21  [] []
[2020-10-23T05:04:48.069740+02:00] sdHeater.INFO: Stopping heater at room temp of 21.1 and set temp of 21  [] []
[2020-10-23T12:04:48.223625+02:00] sdHeater.INFO: Starting heater at room temp of 21 and set temp of 21  [] []
[2020-10-23T12:14:48.228916+02:00] sdHeater.INFO: Stopping heater at room temp of 21.1 and set temp of 21  [] []
